ERROR - 2024-04-02 07:16:48 --> Error connecting to the database: mysqli_sql_exception: Unknown database 'beads' in F:\Kuliah\Semester 4\E Bisnis\Praktikum\Kelompok_Beads\system\Database\MySQLi\Connection.php:184
Stack trace:
#0 F:\Kuliah\Semester 4\E Bisnis\Praktikum\Kelompok_Beads\system\Database\MySQLi\Connection.php(184): mysqli->real_connect('localhost', 'root', Object(SensitiveParameterValue), 'beads', 3306, '', 0)
#1 F:\Kuliah\Semester 4\E Bisnis\Praktikum\Kelompok_Beads\system\Database\BaseConnection.php(392): CodeIgniter\Database\MySQLi\Connection->connect(false)
#2 F:\Kuliah\Semester 4\E Bisnis\Praktikum\Kelompok_Beads\system\Database\BaseConnection.php(575): CodeIgniter\Database\BaseConnection->initialize()
#3 F:\Kuliah\Semester 4\E Bisnis\Praktikum\Kelompok_Beads\system\Database\BaseBuilder.php(1615): CodeIgniter\Database\BaseConnection->query('SELECT *\nFROM `...', Array, false)
#4 F:\Kuliah\Semester 4\E Bisnis\Praktikum\Kelompok_Beads\system\Model.php(871): CodeIgniter\Database\BaseBuilder->get()
#5 F:\Kuliah\Semester 4\E Bisnis\Praktikum\Kelompok_Beads\app\Controllers\Produk.php(26): CodeIgniter\Model->__call('get', Array)
#6 F:\Kuliah\Semester 4\E Bisnis\Praktikum\Kelompok_Beads\system\CodeIgniter.php(942): App\Controllers\Produk->index()
#7 F:\Kuliah\Semester 4\E Bisnis\Praktikum\Kelompok_Beads\system\CodeIgniter.php(502): CodeIgniter\CodeIgniter->runController(Object(App\Controllers\Produk))
#8 F:\Kuliah\Semester 4\E Bisnis\Praktikum\Kelompok_Beads\system\CodeIgniter.php(361): CodeIgniter\CodeIgniter->handleRequest(NULL, Object(Config\Cache), false)
#9 F:\Kuliah\Semester 4\E Bisnis\Praktikum\Kelompok_Beads\public\index.php(79): CodeIgniter\CodeIgniter->run()
#10 F:\Kuliah\Semester 4\E Bisnis\Praktikum\Kelompok_Beads\system\Commands\Server\rewrite.php(47): require_once('F:\\Kuliah\\Semes...')
#11 {main}

Next CodeIgniter\Database\Exceptions\DatabaseException: Unknown database 'beads' in F:\Kuliah\Semester 4\E Bisnis\Praktikum\Kelompok_Beads\system\Database\MySQLi\Connection.php:229
Stack trace:
#0 F:\Kuliah\Semester 4\E Bisnis\Praktikum\Kelompok_Beads\system\Database\BaseConnection.php(392): CodeIgniter\Database\MySQLi\Connection->connect(false)
#1 F:\Kuliah\Semester 4\E Bisnis\Praktikum\Kelompok_Beads\system\Database\BaseConnection.php(575): CodeIgniter\Database\BaseConnection->initialize()
#2 F:\Kuliah\Semester 4\E Bisnis\Praktikum\Kelompok_Beads\system\Database\BaseBuilder.php(1615): CodeIgniter\Database\BaseConnection->query('SELECT *\nFROM `...', Array, false)
#3 F:\Kuliah\Semester 4\E Bisnis\Praktikum\Kelompok_Beads\system\Model.php(871): CodeIgniter\Database\BaseBuilder->get()
#4 F:\Kuliah\Semester 4\E Bisnis\Praktikum\Kelompok_Beads\app\Controllers\Produk.php(26): CodeIgniter\Model->__call('get', Array)
#5 F:\Kuliah\Semester 4\E Bisnis\Praktikum\Kelompok_Beads\system\CodeIgniter.php(942): App\Controllers\Produk->index()
#6 F:\Kuliah\Semester 4\E Bisnis\Praktikum\Kelompok_Beads\system\CodeIgniter.php(502): CodeIgniter\CodeIgniter->runController(Object(App\Controllers\Produk))
#7 F:\Kuliah\Semester 4\E Bisnis\Praktikum\Kelompok_Beads\system\CodeIgniter.php(361): CodeIgniter\CodeIgniter->handleRequest(NULL, Object(Config\Cache), false)
#8 F:\Kuliah\Semester 4\E Bisnis\Praktikum\Kelompok_Beads\public\index.php(79): CodeIgniter\CodeIgniter->run()
#9 F:\Kuliah\Semester 4\E Bisnis\Praktikum\Kelompok_Beads\system\Commands\Server\rewrite.php(47): require_once('F:\\Kuliah\\Semes...')
#10 {main}
CRITICAL - 2024-04-02 07:16:48 --> Unable to connect to the database.
Main connection [MySQLi]: Unknown database 'beads'
in SYSTEMPATH\Database\BaseConnection.php on line 428.
 1 SYSTEMPATH\Database\BaseConnection.php(575): CodeIgniter\Database\BaseConnection->initialize()
 2 SYSTEMPATH\Database\BaseBuilder.php(1615): CodeIgniter\Database\BaseConnection->query('SELECT *
FROM `produk`
WHERE `kode_produk` LIKE :kode_produk: ESCAPE \'!\'', [...], false)
 3 SYSTEMPATH\Model.php(871): CodeIgniter\Database\BaseBuilder->get()
 4 APPPATH\Controllers\Produk.php(26): CodeIgniter\Model->__call('get', [])
 5 SYSTEMPATH\CodeIgniter.php(942): App\Controllers\Produk->index()
 6 SYSTEMPATH\CodeIgniter.php(502): CodeIgniter\CodeIgniter->runController(Object(App\Controllers\Produk))
 7 SYSTEMPATH\CodeIgniter.php(361): CodeIgniter\CodeIgniter->handleRequest(null, Object(Config\Cache), false)
 8 FCPATH\index.php(79): CodeIgniter\CodeIgniter->run()
 9 SYSTEMPATH\Commands\Server\rewrite.php(47): require_once('F:\\Kuliah\\Semester 4\\E Bisnis\\Praktikum\\Kelompok_Beads\\public\\index.php')
CRITICAL - 2024-04-02 07:31:47 --> imagecolorclosestalpha(): Argument #5 ($alpha) must be between 0 and 127 (inclusive)
in SYSTEMPATH\Images\Handlers\GDHandler.php on line 473.
 1 SYSTEMPATH\Images\Handlers\GDHandler.php(473): imagecolorclosestalpha(Object(GdImage), 0, 0, 0, 12700)
 2 SYSTEMPATH\Images\Handlers\GDHandler.php(440): CodeIgniter\Images\Handlers\GDHandler->textOverlay('Copyright Arsy Beads', [...], true)
 3 SYSTEMPATH\Images\Handlers\BaseHandler.php(420): CodeIgniter\Images\Handlers\GDHandler->_text('Copyright Arsy Beads', [...])
 4 APPPATH\Controllers\Produk.php(201): CodeIgniter\Images\Handlers\BaseHandler->text('Copyright Arsy Beads', [...])
 5 APPPATH\Controllers\Produk.php(179): App\Controllers\Produk->watermark_foto('F:\\Kuliah\\Semester 4\\E Bisnis\\Praktikum\\Kelompok_Beads\\writable\\../public/foto_produk/2024_04_02_07_31_46_5.png')
 6 APPPATH\Controllers\Produk.php(95): App\Controllers\Produk->upload_image()
 7 SYSTEMPATH\CodeIgniter.php(942): App\Controllers\Produk->proses_input()
 8 SYSTEMPATH\CodeIgniter.php(502): CodeIgniter\CodeIgniter->runController(Object(App\Controllers\Produk))
 9 SYSTEMPATH\CodeIgniter.php(361): CodeIgniter\CodeIgniter->handleRequest(null, Object(Config\Cache), false)
10 FCPATH\index.php(79): CodeIgniter\CodeIgniter->run()
11 SYSTEMPATH\Commands\Server\rewrite.php(47): require_once('F:\\Kuliah\\Semester 4\\E Bisnis\\Praktikum\\Kelompok_Beads\\public\\index.php')
CRITICAL - 2024-04-02 08:57:28 --> Undefined variable $row
in APPPATH\Views\produk\list.php on line 18.
 1 APPPATH\Views\produk\list.php(18): CodeIgniter\Debug\Exceptions->errorHandler(2, 'Undefined variable $row', 'F:\\Kuliah\\Semester 4\\E Bisnis\\Praktikum\\Kelompok_Beads\\app\\Views\\produk\\list.php', 18)
 2 SYSTEMPATH\View\View.php(228): include('F:\\Kuliah\\Semester 4\\E Bisnis\\Praktikum\\Kelompok_Beads\\app\\Views\\produk\\list.php')
 3 SYSTEMPATH\View\View.php(231): CodeIgniter\View\View->CodeIgniter\View\{closure}()
 4 SYSTEMPATH\Common.php(1190): CodeIgniter\View\View->render('produk/list', [], true)
 5 APPPATH\Controllers\Produk.php(33): view('produk/list', [...])
 6 SYSTEMPATH\CodeIgniter.php(942): App\Controllers\Produk->index()
 7 SYSTEMPATH\CodeIgniter.php(502): CodeIgniter\CodeIgniter->runController(Object(App\Controllers\Produk))
 8 SYSTEMPATH\CodeIgniter.php(361): CodeIgniter\CodeIgniter->handleRequest(null, Object(Config\Cache), false)
 9 FCPATH\index.php(79): CodeIgniter\CodeIgniter->run()
10 SYSTEMPATH\Commands\Server\rewrite.php(47): require_once('F:\\Kuliah\\Semester 4\\E Bisnis\\Praktikum\\Kelompok_Beads\\public\\index.php')
CRITICAL - 2024-04-02 08:57:59 --> Undefined variable $row
in APPPATH\Views\produk\list.php on line 18.
 1 APPPATH\Views\produk\list.php(18): CodeIgniter\Debug\Exceptions->errorHandler(2, 'Undefined variable $row', 'F:\\Kuliah\\Semester 4\\E Bisnis\\Praktikum\\Kelompok_Beads\\app\\Views\\produk\\list.php', 18)
 2 SYSTEMPATH\View\View.php(228): include('F:\\Kuliah\\Semester 4\\E Bisnis\\Praktikum\\Kelompok_Beads\\app\\Views\\produk\\list.php')
 3 SYSTEMPATH\View\View.php(231): CodeIgniter\View\View->CodeIgniter\View\{closure}()
 4 SYSTEMPATH\Common.php(1190): CodeIgniter\View\View->render('produk/list', [], true)
 5 APPPATH\Controllers\Produk.php(33): view('produk/list', [...])
 6 SYSTEMPATH\CodeIgniter.php(942): App\Controllers\Produk->index()
 7 SYSTEMPATH\CodeIgniter.php(502): CodeIgniter\CodeIgniter->runController(Object(App\Controllers\Produk))
 8 SYSTEMPATH\CodeIgniter.php(361): CodeIgniter\CodeIgniter->handleRequest(null, Object(Config\Cache), false)
 9 FCPATH\index.php(79): CodeIgniter\CodeIgniter->run()
10 SYSTEMPATH\Commands\Server\rewrite.php(47): require_once('F:\\Kuliah\\Semester 4\\E Bisnis\\Praktikum\\Kelompok_Beads\\public\\index.php')
CRITICAL - 2024-04-02 08:58:27 --> Undefined variable $row
in APPPATH\Views\produk\list.php on line 18.
 1 APPPATH\Views\produk\list.php(18): CodeIgniter\Debug\Exceptions->errorHandler(2, 'Undefined variable $row', 'F:\\Kuliah\\Semester 4\\E Bisnis\\Praktikum\\Kelompok_Beads\\app\\Views\\produk\\list.php', 18)
 2 SYSTEMPATH\View\View.php(228): include('F:\\Kuliah\\Semester 4\\E Bisnis\\Praktikum\\Kelompok_Beads\\app\\Views\\produk\\list.php')
 3 SYSTEMPATH\View\View.php(231): CodeIgniter\View\View->CodeIgniter\View\{closure}()
 4 SYSTEMPATH\Common.php(1190): CodeIgniter\View\View->render('produk/list', [], true)
 5 APPPATH\Controllers\Produk.php(33): view('produk/list', [...])
 6 SYSTEMPATH\CodeIgniter.php(942): App\Controllers\Produk->index()
 7 SYSTEMPATH\CodeIgniter.php(502): CodeIgniter\CodeIgniter->runController(Object(App\Controllers\Produk))
 8 SYSTEMPATH\CodeIgniter.php(361): CodeIgniter\CodeIgniter->handleRequest(null, Object(Config\Cache), false)
 9 FCPATH\index.php(79): CodeIgniter\CodeIgniter->run()
10 SYSTEMPATH\Commands\Server\rewrite.php(47): require_once('F:\\Kuliah\\Semester 4\\E Bisnis\\Praktikum\\Kelompok_Beads\\public\\index.php')
